#
# There is insufficient memory for the Java Runtime Environment to continue.
# Native memory allocation (mmap) failed to map 67108864 bytes for Failed to commit area from 0x00000000c1a00000 to 0x00000000c5a00000 of length 67108864.
# Possible reasons:
#   The system is out of physical RAM or swap space
#   The process is running with CompressedOops enabled, and the Java Heap may be blocking the growth of the native heap
# Possible solutions:
#   Reduce memory load on the system
#   Increase physical memory or swap space
#   Check if swap backing store is full
#   Decrease Java heap size (-Xmx/-Xms)
#   Decrease number of Java threads
#   Decrease Java thread stack sizes (-Xss)
#   Set larger code cache with -XX:ReservedCodeCacheSize=
# This output file may be truncated or incomplete.
#
#  Out of Memory Error (t:/workspace/hotspot/src/os/windows/vm/os_windows.cpp:3357), pid=19440, tid=13412
#
# JRE version:  (9.0+11) (build )
# Java VM: Java HotSpot(TM) 64-Bit Server VM (9.0.4+11, mixed mode, tiered, compressed oops, g1 gc, windows-amd64)
# No core dump will be written. Minidumps are not enabled by default on client versions of Windows
#

---------------  S U M M A R Y ------------

Command Line: -Dfile.encoding=Cp1252 incendie.Test

Host: Intel(R) Pentium(R) CPU 2020M @ 2.40GHz, 2 cores, 3G,  Windows 10 , 64 bit Build 16299 (10.0.16299.431)
Time: Thu May 17 04:11:08 2018 Paris, Madrid (heure d?été) elapsed time: 0 seconds (0d 0h 0m 0s)

---------------  T H R E A D  ---------------

Current thread (0x00000157b0e7d800):  JavaThread "Unknown thread" [_thread_in_vm, id=13412, stack(0x000000423e800000,0x000000423e900000)]

Stack: [0x000000423e800000,0x000000423e900000]
Native frames: (J=compiled Java code, j=interpreted, Vv=VM code, C=native code)
V  [jvm.dll+0x587068]
V  [jvm.dll+0x69c25e]
V  [jvm.dll+0x69d17a]
V  [jvm.dll+0x69d7b3]
V  [jvm.dll+0x21d198]
V  [jvm.dll+0x584bb4]
V  [jvm.dll+0x57a095]
V  [jvm.dll+0x2cd67b]
V  [jvm.dll+0x2cd5e3]
V  [jvm.dll+0x2cd4b2]
V  [jvm.dll+0x2cf4b3]
V  [jvm.dll+0x3191e3]
V  [jvm.dll+0x3198f6]
V  [jvm.dll+0x3192e3]
V  [jvm.dll+0x2adeb8]
V  [jvm.dll+0x2af0e7]
V  [jvm.dll+0x67b34d]
V  [jvm.dll+0x67c70c]
V  [jvm.dll+0x3269c9]
V  [jvm.dll+0x66555e]
V  [jvm.dll+0x391811]
V  [jvm.dll+0x3937c1]
C  [javaw.exe+0x3501]
C  [javaw.exe+0xe25f]
C  [javaw.exe+0xe406]
C  [KERNEL32.DLL+0x11fe4]
C  [ntdll.dll+0x6f061]


---------------  P R O C E S S  ---------------

Java Threads: ( => current thread )

Other Threads:
  0x00000157b0e95000 GCTaskThread "GC Thread#0" [stack: 0x000000423e900000,0x000000423ea00000] [id=3264]
  0x00000157b0e96800 GCTaskThread "GC Thread#1" [stack: 0x000000423ea00000,0x000000423eb00000] [id=6572]
  0x00000157b0ed5000 ConcurrentGCThread "G1 Main Marker" [stack: 0x000000423ee00000,0x000000423ef00000] [id=5384]
  0x00000157b0ed7000 ConcurrentGCThread "G1 Marker#0" [stack: 0x000000423ef00000,0x000000423f000000] [id=14864]
  0x00000157b0e9a800 ConcurrentGCThread "G1 Refine#0" [stack: 0x000000423ec00000,0x000000423ed00000] [id=12000]
  0x00000157b0e98000 ConcurrentGCThread "G1 Refine#1" [stack: 0x000000423eb00000,0x000000423ec00000] [id=13980]
  0x00000157b0e9d800 ConcurrentGCThread "G1 Young RemSet Sampling" [stack: 0x000000423ed00000,0x000000423ee00000] [id=16580]

=>0x00000157b0e7d800 (exited) JavaThread "Unknown thread" [_thread_in_vm, id=13412, stack(0x000000423e800000,0x000000423e900000)]

Threads with active compile tasks:

VM state:not at safepoint (not fully initialized)

VM Mutex/Monitor currently owned by a thread:  ([mutex/lock_event])
[0x00000157b0e7b630] Heap_lock - owner thread: 0x00000157b0e7d800

Heap address: 0x00000000c1a00000, size: 998 MB, Compressed Oops mode: Non-zero based: 0x00000000c1a00000
Narrow klass base: 0x0000000000000000, Narrow klass shift: 0

GC Heap History (0 events):
No events

Deoptimization events (0 events):
No events

Classes redefined (0 events):
No events

Internal exceptions (0 events):
No events

Events (0 events):
No events


Dynamic libraries:
0x00007ff7d6f60000 - 0x00007ff7d6f9e000 	C:\Program Files\Java\jre-9.0.4\bin\javaw.exe
0x00007ffe76760000 - 0x00007ffe76940000 	C:\WINDOWS\SYSTEM32\ntdll.dll
0x00007ffe73da0000 - 0x00007ffe73e4e000 	C:\WINDOWS\System32\KERNEL32.DLL
0x00007ffe72b60000 - 0x00007ffe72dc6000 	C:\WINDOWS\System32\KERNELBASE.dll
0x00007ffe73cf0000 - 0x00007ffe73d91000 	C:\WINDOWS\System32\ADVAPI32.dll
0x00007ffe74250000 - 0x00007ffe742ed000 	C:\WINDOWS\System32\msvcrt.dll
0x00007ffe73c30000 - 0x00007ffe73c8b000 	C:\WINDOWS\System32\sechost.dll
0x00007ffe760b0000 - 0x00007ffe761cf000 	C:\WINDOWS\System32\RPCRT4.dll
0x00007ffe73ee0000 - 0x00007ffe7406f000 	C:\WINDOWS\System32\USER32.dll
0x00007ffe73260000 - 0x00007ffe73280000 	C:\WINDOWS\System32\win32u.dll
0x00007ffe741c0000 - 0x00007ffe741e8000 	C:\WINDOWS\System32\GDI32.dll
0x00007ffe72ef0000 - 0x00007ffe73083000 	C:\WINDOWS\System32\gdi32full.dll
0x00007ffe72e50000 - 0x00007ffe72eeb000 	C:\WINDOWS\System32\msvcp_win.dll
0x00007ffe73a80000 - 0x00007ffe73b76000 	C:\WINDOWS\System32\ucrtbase.dll
0x00007ffe6b0b0000 - 0x00007ffe6b319000 	C:\WINDOWS\WinSxS\amd64_microsoft.windows.common-controls_6595b64144ccf1df_6.0.16299.431_none_15c7d3ee93659e73\COMCTL32.dll
0x00007ffe763a0000 - 0x00007ffe766a8000 	C:\WINDOWS\System32\combase.dll
0x00007ffe72dd0000 - 0x00007ffe72e42000 	C:\WINDOWS\System32\bcryptPrimitives.dll
0x00007ffe6a820000 - 0x00007ffe6a82a000 	C:\WINDOWS\SYSTEM32\VERSION.dll
0x00007ffe75fb0000 - 0x00007ffe75fdd000 	C:\WINDOWS\System32\IMM32.DLL
0x00007ffe48d80000 - 0x00007ffe48e6f000 	C:\Program Files\Java\jre-9.0.4\bin\msvcr120.dll
0x00007ffe48bf0000 - 0x00007ffe48c96000 	C:\Program Files\Java\jre-9.0.4\bin\msvcp120.dll
0x0000000051d60000 - 0x0000000052785000 	C:\Program Files\Java\jre-9.0.4\bin\server\jvm.dll
0x00007ffe76720000 - 0x00007ffe76728000 	C:\WINDOWS\System32\PSAPI.DLL
0x00007ffe694f0000 - 0x00007ffe694f9000 	C:\WINDOWS\SYSTEM32\WSOCK32.dll
0x00007ffe766b0000 - 0x00007ffe7671c000 	C:\WINDOWS\System32\WS2_32.dll
0x00007ffe70e10000 - 0x00007ffe70e33000 	C:\WINDOWS\SYSTEM32\WINMM.dll
0x00007ffe70de0000 - 0x00007ffe70e0a000 	C:\WINDOWS\SYSTEM32\WINMMBASE.dll
0x00007ffe73a30000 - 0x00007ffe73a7a000 	C:\WINDOWS\System32\cfgmgr32.dll
0x00007ffe694e0000 - 0x00007ffe694ef000 	C:\Program Files\Java\jre-9.0.4\bin\verify.dll
0x00007ffe51910000 - 0x00007ffe51937000 	C:\Program Files\Java\jre-9.0.4\bin\java.dll
0x00007ffe600c0000 - 0x00007ffe600d6000 	C:\Program Files\Java\jre-9.0.4\bin\zip.dll
0x00007ffe676c0000 - 0x00007ffe676ca000 	C:\Program Files\Java\jre-9.0.4\bin\jimage.dll
0x00007ffe69a90000 - 0x00007ffe69c58000 	C:\WINDOWS\SYSTEM32\dbghelp.dll

VM Arguments:
jvm_args: -Dfile.encoding=Cp1252 
java_command: incendie.Test
java_class_path (initial): C:\Users\Jonathan\Desktop\Jonath971\Pour l'école\ENSG\Devoirs\ProjetJava\Projet_Info_Incendie\bin
Launcher Type: SUN_STANDARD

Logging:
Log output configuration:
#0: stdout all=warning uptime,level,tags
#1: stderr all=off uptime,level,tags

Environment Variables:
PATH=C:\ProgramData\Oracle\Java\javapath;C:\Program Files (x86)\NVIDIA Corporation\PhysX\Common;C:\Program Files (x86)\Intel\iCLS Client\;C:\Program Files\Intel\iCLS Client\;C:\WINDOWS\system32;C:\WINDOWS;C:\WINDOWS\System32\Wbem;C:\WINDOWS\System32\WindowsPowerShell\v1.0\;C:\Program Files (x86)\Windows Live\Shared;C:\Program Files (x86)\Intel\OpenCL SDK\3.0\bin\x86;C:\Program Files (x86)\Intel\OpenCL SDK\3.0\bin\x64;C:\Program Files\Intel\Intel(R) Management Engine Components\DAL;C:\Program Files\Intel\Intel(R) Management Engine Components\IPT;C:\Program Files (x86)\Intel\Intel(R) Management Engine Components\DAL;C:\Program Files (x86)\Intel\Intel(R) Management Engine Components\IPT;C:\Program Files (x86)\Skype\Phone\;C:\Program Files (x86)\Windows Kits\8.1\Windows Performance Toolkit\;C:\Users\Jonathan\AppData\Local\Microsoft\WindowsApps;
USERNAME=Jonathan
OS=Windows_NT
PROCESSOR_IDENTIFIER=Intel64 Family 6 Model 58 Stepping 9, GenuineIntel



---------------  S Y S T E M  ---------------

OS: Windows 10 , 64 bit Build 16299 (10.0.16299.431)

CPU:total 2 (initial active 2) (2 cores per cpu, 1 threads per core) family 6 model 58 stepping 9, cmov, cx8, fxsr, mmx, sse, sse2, sse3, ssse3, sse4.1, sse4.2, popcnt, clmul, erms, tsc, tscinvbit, tscinv

Memory: 4k page, physical 4083992k(419116k free), swap 16666904k(10816k free)

vm_info: Java HotSpot(TM) 64-Bit Server VM (9.0.4+11) for windows-amd64 JRE (9.0.4+11), built on Dec 20 2017 02:18:54 by "mach5one" with MS VC++ 12.0 (VS2013)

END.
